<?xml version="1.0" encoding="UTF-8"?>
<!-- Generated by org.testng.reporters.JUnitXMLReporter -->
<testsuite ignored="5" hostname="del1-lhp-n82782" failures="0" tests="1" name="Default test" time="1.583" errors="0" timestamp="2023-08-07T15:42:02 IST">
  <testcase classname="com.rest.FormAuthentication" name="authenticationusing_CSRFtoken_fetch_multiple_cookie" time="1.051"/>
  <testcase classname="com.rest.FormAuthentication" name="authenticationusing_CSRFtoken_fetch_single_cookie" time="0.0">
    <ignored/>
  </testcase> <!-- authenticationusing_CSRFtoken_fetch_single_cookie -->
  <testcase classname="com.rest.FormAuthentication" name="authenticationusing_CSRFtoken_cookiebuilder_demo" time="0.0">
    <ignored/>
  </testcase> <!-- authenticationusing_CSRFtoken_cookiebuilder_demo -->
  <testcase classname="com.rest.FormAuthentication" name="authenticationusing_CSRFtoken_multiplecookie" time="0.0">
    <ignored/>
  </testcase> <!-- authenticationusing_CSRFtoken_multiplecookie -->
  <testcase classname="com.rest.FormAuthentication" name="authenticationusing_CSRFtoken_cookie_demo" time="0.0">
    <ignored/>
  </testcase> <!-- authenticationusing_CSRFtoken_cookie_demo -->
  <testcase classname="com.rest.FormAuthentication" name="authenticationusing_CSRFtoken" time="0.0">
    <ignored/>
  </testcase> <!-- authenticationusing_CSRFtoken -->
</testsuite> <!-- Default test -->
