<?xml version="1.0" encoding="UTF-8"?>
<testng-results ignored="0" total="1" passed="1" failed="0" skipped="0">
  <reporter-output>
  </reporter-output>
  <suite started-at="2024-02-26T00:28:16 IST" name="Default suite" finished-at="2024-02-26T00:28:21 IST" duration-ms="5425">
    <groups>
    </groups>
    <test started-at="2024-02-26T00:28:16 IST" name="Default test" finished-at="2024-02-26T00:28:21 IST" duration-ms="5425">
      <class name="com.rest.AutomateComplexPojo">
        <test-method is-config="true" signature="before_class()[pri:0, instance:com.rest.AutomateComplexPojo@59309333]" started-at="2024-02-26T00:28:16 IST" name="before_class" finished-at="2024-02-26T00:28:16 IST" duration-ms="356" status="PASS">
          <reporter-output>
          </reporter-output>
        </test-method> <!-- before_class -->
        <test-method signature="Serialize_and_deserialize()[pri:0, instance:com.rest.AutomateComplexPojo@59309333]" started-at="2024-02-26T00:28:16 IST" name="Serialize_and_deserialize" finished-at="2024-02-26T00:28:21 IST" duration-ms="5043" status="PASS">
          <reporter-output>
          </reporter-output>
        </test-method> <!-- Serialize_and_deserialize -->
      </class> <!-- com.rest.AutomateComplexPojo -->
    </test> <!-- Default test -->
  </suite> <!-- Default suite -->
</testng-results>
