<?xml version="1.0" encoding="UTF-8"?>
<!-- Generated by org.testng.reporters.JUnitReportReporter -->
<testsuite hostname="del1-lhp-n82782" failures="0" tests="4" name="com.rest.RequestParameter" time="8.290" errors="0" timestamp="2023-07-14T11:28:06 IST" skipped="0">
  <testcase classname="com.rest.RequestParameter" name="multiple_query_parameter" time="5.364"/>
  <system-out/>
  <testcase classname="com.rest.RequestParameter" name="multivalue_query_parameter" time="1.393"/>
  <system-out/>
  <testcase classname="com.rest.RequestParameter" name="single_query_parameter" time="1.360"/>
  <system-out/>
  <testcase classname="com.rest.RequestParameter" name="path_parameter" time="0.173"/>
  <system-out/>
</testsuite> <!-- com.rest.RequestParameter -->
