<?xml version="1.0" encoding="UTF-8"?>
<!-- Generated by org.testng.reporters.JUnitReportReporter -->
<testsuite hostname="del1-lhp-n82782" failures="0" tests="3" name="com.rest.Logging" time="8.091" errors="0" timestamp="2023-07-05T00:46:01 IST" skipped="0">
  <testcase classname="com.rest.Logging" name="BlackListing_headers_Using_collection" time="1.455"/>
  <system-out/>
  <testcase classname="com.rest.Logging" name="log_only_if_validation_fails" time="1.398"/>
  <system-out/>
  <testcase classname="com.rest.Logging" name="BlackListing_headers" time="5.238"/>
  <system-out/>
</testsuite> <!-- com.rest.Logging -->
